<?xml version="1.0" encoding="UTF-8"?>
<testsuite name="MagicSquareTest" tests="2" skipped="0" failures="0" errors="0" timestamp="2022-10-23T18:09:12" hostname="DESKTOP-O3S4DBG" time="0.003">
  <properties/>
  <testcase name="falseMagicSquareTest" classname="MagicSquareTest" time="0.002"/>
  <testcase name="trueMagicSquareTest" classname="MagicSquareTest" time="0.0"/>
  <system-out><![CDATA[]]></system-out>
  <system-err><![CDATA[]]></system-err>
</testsuite>
