<?xml version="1.0" encoding="UTF-8"?>
<testsuite name="InfectedTest" tests="1" skipped="0" failures="0" errors="0" timestamp="2022-10-11T07:34:23" hostname="DESKTOP-O3S4DBG" time="0.002">
  <properties/>
  <testcase name="InfectedMethodTest" classname="InfectedTest" time="0.002"/>
  <system-out><![CDATA[]]></system-out>
  <system-err><![CDATA[]]></system-err>
</testsuite>
