<?xml version="1.0" encoding="UTF-8"?>
<testsuite name="it.unisa.SMS.SMSOrganizerTest" tests="2" skipped="0" failures="0" errors="0" timestamp="2022-10-30T15:29:56" hostname="DESKTOP-47UBM9B" time="0.003">
  <properties/>
  <testcase name="testListByDate" classname="it.unisa.SMS.SMSOrganizerTest" time="0.002"/>
  <testcase name="testListBySender" classname="it.unisa.SMS.SMSOrganizerTest" time="0.001"/>
  <system-out><![CDATA[]]></system-out>
  <system-err><![CDATA[]]></system-err>
</testsuite>
