<?xml version="1.0" encoding="UTF-8"?>
<testsuite name="CarTest" tests="1" skipped="0" failures="0" errors="0" timestamp="2022-10-11T07:43:26" hostname="DESKTOP-O3S4DBG" time="0.001">
  <properties/>
  <testcase name="CarMethodTest" classname="CarTest" time="0.001"/>
  <system-out><![CDATA[]]></system-out>
  <system-err><![CDATA[]]></system-err>
</testsuite>
