<?xml version="1.0" encoding="UTF-8"?>
<testsuite name="it.unisa.bank.BankTest" tests="6" skipped="0" failures="0" errors="0" timestamp="2022-11-07T10:40:27" hostname="DESKTOP-O3S4DBG" time="0.003">
  <properties/>
  <testcase name="transferTest" classname="it.unisa.bank.BankTest" time="0.002"/>
  <testcase name="findAccountTest" classname="it.unisa.bank.BankTest" time="0.0"/>
  <testcase name="setAndGetInterestsTest" classname="it.unisa.bank.BankTest" time="0.0"/>
  <testcase name="interestComputationTest" classname="it.unisa.bank.BankTest" time="0.0"/>
  <testcase name="depositTest" classname="it.unisa.bank.BankTest" time="0.0"/>
  <testcase name="withdrawTest" classname="it.unisa.bank.BankTest" time="0.0"/>
  <system-out><![CDATA[]]></system-out>
  <system-err><![CDATA[]]></system-err>
</testsuite>
