<?xml version="1.0" encoding="UTF-8"?>
<testsuite name="LockerTest" tests="1" skipped="0" failures="0" errors="0" timestamp="2022-10-13T16:20:30" hostname="DESKTOP-O3S4DBG" time="0.001">
  <properties/>
  <testcase name="TestLock" classname="LockerTest" time="0.001"/>
  <system-out><![CDATA[]]></system-out>
  <system-err><![CDATA[]]></system-err>
</testsuite>
