<?xml version="1.0" encoding="UTF-8"?>
<testsuite name="VendingMachineTest" tests="3" skipped="0" failures="0" errors="0" timestamp="2022-10-10T16:06:47" hostname="DESKTOP-O3S4DBG" time="0.004">
  <properties/>
  <testcase name="takeTokensTest" classname="VendingMachineTest" time="0.003"/>
  <testcase name="newCansTest" classname="VendingMachineTest" time="0.0"/>
  <testcase name="takeCanTest" classname="VendingMachineTest" time="0.0"/>
  <system-out><![CDATA[]]></system-out>
  <system-err><![CDATA[]]></system-err>
</testsuite>
