<?xml version="1.0" encoding="UTF-8"?>
<testsuite name="it.unisa.railways.ExpressTrainTest" tests="1" skipped="0" failures="0" errors="0" timestamp="2022-11-07T10:36:04" hostname="DESKTOP-O3S4DBG" time="0.006">
  <properties/>
  <testcase name="testSolution" classname="it.unisa.railways.ExpressTrainTest" time="0.006"/>
  <system-out><![CDATA[]]></system-out>
  <system-err><![CDATA[]]></system-err>
</testsuite>
