<?xml version="1.0" encoding="UTF-8"?>
<testsuite name="StudentTest" tests="1" skipped="0" failures="0" errors="0" timestamp="2022-10-11T07:27:03" hostname="DESKTOP-O3S4DBG" time="0.003">
  <properties/>
  <testcase name="ExamTest" classname="StudentTest" time="0.003"/>
  <system-out><![CDATA[]]></system-out>
  <system-err><![CDATA[]]></system-err>
</testsuite>
