<?xml version="1.0" encoding="UTF-8"?>
<testsuite name="InputCheckerTest" tests="1" skipped="0" failures="0" errors="0" timestamp="2022-10-13T15:39:40" hostname="DESKTOP-O3S4DBG" time="0.002">
  <properties/>
  <testcase name="CheckInputChecker" classname="InputCheckerTest" time="0.002"/>
  <system-out><![CDATA[]]></system-out>
  <system-err><![CDATA[]]></system-err>
</testsuite>
