<?xml version="1.0" encoding="UTF-8"?>
<testsuite name="it.unisa.company.EmployeeTest" tests="2" skipped="0" failures="0" errors="0" timestamp="2022-11-07T11:19:28" hostname="DESKTOP-O3S4DBG" time="0.003">
  <properties/>
  <testcase name="setHourlyWageTest" classname="it.unisa.company.EmployeeTest" time="0.003"/>
  <testcase name="employerInitialWageTest" classname="it.unisa.company.EmployeeTest" time="0.0"/>
  <system-out><![CDATA[]]></system-out>
  <system-err><![CDATA[]]></system-err>
</testsuite>
