<?xml version="1.0" encoding="UTF-8"?>
<testsuite name="CarSellerTest" tests="1" skipped="0" failures="0" errors="0" timestamp="2022-10-24T10:55:19" hostname="DESKTOP-O3S4DBG" time="0.008">
  <properties/>
  <testcase name="findTest" classname="CarSellerTest" time="0.008"/>
  <system-out><![CDATA[]]></system-out>
  <system-err><![CDATA[]]></system-err>
</testsuite>
